<!DOCTYPE html PUBLIC "-//W3C//DTD XHTML 1.1//EN" "http://www.w3.org/TR/xhtml11/DTD/xhtml11.dtd">
<html xmlns="http://www.w3.org/1999/xhtml">
<head>
<meta http-equiv="content-type" content="text/html; charset=UTF-8"/>
<title>TestNG Report</title>
<style type="text/css">table {margin-bottom:10px;border-collapse:collapse;empty-cells:show}th,td {border:1px solid #009;padding:.25em .5em}th {vertical-align:bottom}td {vertical-align:top}table a {font-weight:bold}.stripe td {background-color: #E6EBF9}.num {text-align:right}.passedodd td {background-color: #3F3}.passedeven td {background-color: #0A0}.skippedodd td {background-color: #DDD}.skippedeven td {background-color: #CCC}.failedodd td,.attn {background-color: #F33}.failedeven td,.stripe .attn {background-color: #D00}.stacktrace {white-space:pre;font-family:monospace}.totop {font-size:85%;text-align:center;border-bottom:2px solid #000}.invisible {display:none}</style>
</head>
<body>
<table>
<tr><th>Test</th><th># Passed</th><th># Skipped</th><th># Failed</th><th>Time (ms)</th><th>Included Groups</th><th>Excluded Groups</th></tr>
<tr><th colspan="7">Suite</th></tr>
<tr><td><a href="#t0">ErrorValidation</a></td><td class="num">1</td><td class="num attn">1</td><td class="num attn">1</td><td class="num">30,667</td><td></td><td></td></tr>
<tr class="stripe"><td><a href="#t1">StandAloneTest</a></td><td class="num">1</td><td class="num attn">1</td><td class="num attn">1</td><td class="num">32,968</td><td></td><td></td></tr>
<tr><th>Total</th><th class="num">2</th><th class="num attn">2</th><th class="num attn">2</th><th class="num">63,635</th><th colspan="2"></th></tr>
</table>
<table id='summary'><thead><tr><th>Class</th><th>Method</th><th>Start</th><th>Time (ms)</th></tr></thead><tbody><tr><th colspan="4">Suite</th></tr></tbody><tbody id="t0"><tr><th colspan="4">ErrorValidation &#8212; failed</th></tr><tr class="failedeven"><td rowspan="1">E2EPractiseProject.ErrorValidation</td><td><a href="#m0">loginErrorValidation</a></td><td rowspan="1">1731862729901</td><td rowspan="1">1914</td></tr><tr><th colspan="4">ErrorValidation &#8212; skipped</th></tr><tr class="skippedeven"><td rowspan="1">E2EPractiseProject.ErrorValidation</td><td><a href="#m1">loginErrorValidation</a></td><td rowspan="1">1731862712087</td><td rowspan="1">9204</td></tr><tr><th colspan="4">ErrorValidation &#8212; passed</th></tr><tr class="passedeven"><td rowspan="1">E2EPractiseProject.ErrorValidation</td><td><a href="#m2">prodErrValidation</a></td><td rowspan="1">1731862737475</td><td rowspan="1">2531</td></tr></tbody>
<tbody id="t1"><tr><th colspan="4">StandAloneTest &#8212; failed</th></tr><tr class="failedeven"><td rowspan="1">E2EPractiseProject.StandAloneTest</td><td><a href="#m3">submitOrder</a></td><td rowspan="1">1731862732022</td><td rowspan="1">9982</td></tr><tr><th colspan="4">StandAloneTest &#8212; skipped</th></tr><tr class="skippedeven"><td rowspan="1">E2EPractiseProject.StandAloneTest</td><td><a href="#m4">orderHistoryTest</a></td><td rowspan="1">1731862742395</td><td rowspan="1">0</td></tr><tr><th colspan="4">StandAloneTest &#8212; passed</th></tr><tr class="passedeven"><td rowspan="1">E2EPractiseProject.StandAloneTest</td><td><a href="#m5">submitOrder</a></td><td rowspan="1">1731862712140</td><td rowspan="1">17604</td></tr></tbody>
</table>
<h2>ErrorValidation</h2><h3 id="m0">E2EPractiseProject.ErrorValidation#loginErrorValidation</h3><table class="result"><tr><th>Exception</th></tr><tr><td><div class="stacktrace">java.lang.AssertionError: expected [Incorrect email or password.] but found [Incorrect email password.]
	at E2EPractiseProject.ErrorValidation.loginErrorValidation(ErrorValidation.java:23)
	at java.base/java.util.concurrent.FutureTask.run(FutureTask.java:264)
	at java.base/java.util.concurrent.ThreadPoolExecutor.runWorker(ThreadPoolExecutor.java:1136)
	at java.base/java.util.concurrent.ThreadPoolExecutor$Worker.run(ThreadPoolExecutor.java:635)
	at java.base/java.lang.Thread.run(Thread.java:840)
... Removed 22 stack frames</div></td></tr></table><p class="totop"><a href="#summary">back to summary</a></p>
<h3 id="m1">E2EPractiseProject.ErrorValidation#loginErrorValidation</h3><table class="result"><tr><th>Exception</th></tr><tr><td><div class="stacktrace">java.lang.AssertionError: expected [Incorrect email or password.] but found [Incorrect email password.]
	at E2EPractiseProject.ErrorValidation.loginErrorValidation(ErrorValidation.java:23)
	at java.base/java.util.concurrent.FutureTask.run(FutureTask.java:264)
	at java.base/java.util.concurrent.ThreadPoolExecutor.runWorker(ThreadPoolExecutor.java:1136)
	at java.base/java.util.concurrent.ThreadPoolExecutor$Worker.run(ThreadPoolExecutor.java:635)
	at java.base/java.lang.Thread.run(Thread.java:840)
... Removed 22 stack frames</div></td></tr></table><p class="totop"><a href="#summary">back to summary</a></p>
<h3 id="m2">E2EPractiseProject.ErrorValidation#prodErrValidation</h3><table class="result"><tr><th class="invisible"/></tr></table><p class="totop"><a href="#summary">back to summary</a></p>
<h2>StandAloneTest</h2><h3 id="m3">E2EPractiseProject.StandAloneTest#submitOrder</h3><table class="result"><tr class="param"><th>Parameter #1</th></tr><tr class="param stripe"><td>{password=Password@123, product=ADIDAS ORIGINAL, email=vrshimpi5@gmail.com}</td></tr><tr><th>Exception</th></tr><tr><td><div class="stacktrace">java.lang.AssertionError: expected [true] but found [false]
	at E2EPractiseProject.StandAloneTest.submitOrder(StandAloneTest.java:43)
	at java.base/java.util.concurrent.FutureTask.run(FutureTask.java:264)
	at java.base/java.util.concurrent.ThreadPoolExecutor.runWorker(ThreadPoolExecutor.java:1136)
	at java.base/java.util.concurrent.ThreadPoolExecutor$Worker.run(ThreadPoolExecutor.java:635)
	at java.base/java.lang.Thread.run(Thread.java:840)
... Removed 20 stack frames</div></td></tr></table><p class="totop"><a href="#summary">back to summary</a></p>
<h3 id="m4">E2EPractiseProject.StandAloneTest#orderHistoryTest</h3><table class="result"><tr><th>Exception</th></tr><tr><td><div class="stacktrace">java.lang.Throwable: Method StandAloneTest.orderHistoryTest()[pri:0, instance:E2EPractiseProject.StandAloneTest@4f2c9ba6] depends on not successfully finished methods
	at java.base/java.util.concurrent.FutureTask.run(FutureTask.java:264)
	at java.base/java.util.concurrent.ThreadPoolExecutor.runWorker(ThreadPoolExecutor.java:1136)
	at java.base/java.util.concurrent.ThreadPoolExecutor$Worker.run(ThreadPoolExecutor.java:635)
	at java.base/java.lang.Thread.run(Thread.java:840)
... Removed 9 stack frames</div></td></tr></table><p class="totop"><a href="#summary">back to summary</a></p>
<h3 id="m5">E2EPractiseProject.StandAloneTest#submitOrder</h3><table class="result"><tr class="param"><th>Parameter #1</th></tr><tr class="param stripe"><td>{password=Password@123, product=ZARA COAT 3, email=shimpimanisha21@gmail.com}</td></tr></table><p class="totop"><a href="#summary">back to summary</a></p>
</body>
</html>
